<?xml version="1.0" encoding="UTF-8"?>
<testsuite name="mooc.vandy.java4android.birthday.logic.UnitTests" tests="3" skipped="0" failures="0" errors="0" timestamp="2022-06-03T14:10:04" hostname="LAPTOP-7EO4TG1C" time="8.927">
  <properties/>
  <testcase name="testResultRange" classname="mooc.vandy.java4android.birthday.logic.UnitTests" time="0.001"/>
  <testcase name="testCalculateThreshold" classname="mooc.vandy.java4android.birthday.logic.UnitTests" time="0.085"/>
  <testcase name="testEfficiency" classname="mooc.vandy.java4android.birthday.logic.UnitTests" time="8.841"/>
  <system-out><![CDATA[]]></system-out>
  <system-err><![CDATA[]]></system-err>
</testsuite>
